d:\colin工作\体验课\2022体验课\easyx_绘图\3图形绘制\debug\vc142.pdb
d:\colin工作\体验课\2022体验课\easyx_绘图\3图形绘制\debug\vc142.idb
d:\colin工作\体验课\2022体验课\easyx_绘图\3图形绘制\debug\04矩形.obj
d:\colin工作\体验课\2022体验课\easyx_绘图\3图形绘制\debug\03椭圆形.obj
d:\colin工作\体验课\2022体验课\easyx_绘图\3图形绘制\debug\02圆形.obj
d:\colin工作\体验课\2022体验课\easyx_绘图\3图形绘制\debug\07扇形.obj
d:\colin工作\体验课\2022体验课\easyx_绘图\3图形绘制\debug\06圆弧形.obj
d:\colin工作\体验课\2022体验课\easyx_绘图\3图形绘制\debug\05圆角矩形.obj
d:\colin工作\体验课\2022体验课\easyx_绘图\3图形绘制\debug\11图形镂空清除.obj
d:\colin工作\体验课\2022体验课\easyx_绘图\3图形绘制\debug\00画布宽高.obj
d:\colin工作\体验课\2022体验课\easyx_绘图\3图形绘制\debug\01画线.obj
d:\colin工作\体验课\2022体验课\easyx_绘图\3图形绘制\debug\08多边形.obj
d:\colin工作\体验课\2022体验课\easyx_绘图\3图形绘制\debug\10区域填充颜色.obj
d:\desktop\easyx学习资料\easyx教程代码\3图形绘制\debug\vc142.pdb
d:\desktop\easyx学习资料\easyx教程代码\3图形绘制\debug\vc142.idb
d:\desktop\easyx学习资料\easyx教程代码\3图形绘制\debug\11图形镂空清除.obj
d:\desktop\easyx学习资料\easyx教程代码\3图形绘制\debug\10区域填充颜色.obj
d:\desktop\easyx学习资料\easyx教程代码\3图形绘制\debug\08多边形.obj
d:\desktop\easyx学习资料\easyx教程代码\3图形绘制\debug\07扇形.obj
d:\desktop\easyx学习资料\easyx教程代码\3图形绘制\debug\06圆弧形.obj
d:\desktop\easyx学习资料\easyx教程代码\3图形绘制\debug\05圆角矩形.obj
d:\desktop\easyx学习资料\easyx教程代码\3图形绘制\debug\04矩形.obj
d:\desktop\easyx学习资料\easyx教程代码\3图形绘制\debug\03椭圆形.obj
d:\desktop\easyx学习资料\easyx教程代码\3图形绘制\debug\02圆形.obj
d:\desktop\easyx学习资料\easyx教程代码\3图形绘制\debug\01画线.obj
d:\desktop\easyx学习资料\easyx教程代码\3图形绘制\debug\00画布宽高.obj
d:\desktop\easyx学习资料\easyx教程代码\3图形绘制\debug\03图形绘制.ilk
d:\20220524科林c\c语言知识体系\debug\03图形绘制.exe
d:\20220524科林c\c语言知识体系\debug\03图形绘制.pdb
d:\desktop\easyx学习资料\easyx教程代码\3图形绘制\debug\06圆弧.obj
d:\desktop\easyx学习资料\easyx教程代码\3图形绘制\debug\10区域填充.obj
d:\desktop\easyx学习资料\easyx教程代码\3图形绘制\debug\03图形绘制.tlog\cl.command.1.tlog
d:\desktop\easyx学习资料\easyx教程代码\3图形绘制\debug\03图形绘制.tlog\cl.read.1.tlog
d:\desktop\easyx学习资料\easyx教程代码\3图形绘制\debug\03图形绘制.tlog\cl.write.1.tlog
d:\desktop\easyx学习资料\easyx教程代码\3图形绘制\debug\03图形绘制.tlog\link.command.1.tlog
d:\desktop\easyx学习资料\easyx教程代码\3图形绘制\debug\03图形绘制.tlog\link.read.1.tlog
d:\desktop\easyx学习资料\easyx教程代码\3图形绘制\debug\03图形绘制.tlog\link.write.1.tlog
