C:\USERS\ZHANGJINHAI\DOCUMENTS\VISUAL STUDIO 2012\PROJECTS\GAMETEST2\C_1_3\DEBUG\01.OBJ
C:\USERS\ZHANGJINHAI\DOCUMENTS\VISUAL STUDIO 2012\PROJECTS\GAMETEST2\C_1_3\DEBUG\VC110.PDB
C:\USERS\ZHANGJINHAI\DOCUMENTS\VISUAL STUDIO 2012\PROJECTS\GAMETEST2\C_1_3\DEBUG\02.OBJ
C:\USERS\ZHANGJINHAI\DOCUMENTS\VISUAL STUDIO 2012\PROJECTS\GAMETEST2\C_1_3\DEBUG\03.OBJ
C:\USERS\ZHANGJINHAI\DOCUMENTS\VISUAL STUDIO 2012\PROJECTS\GAMETEST2\C_1_3\DEBUG\04.OBJ
C:\USERS\ZHANGJINHAI\DOCUMENTS\VISUAL STUDIO 2012\PROJECTS\GAMETEST2\C_1_3\DEBUG\05.OBJ
C:\USERS\ZHANGJINHAI\DOCUMENTS\VISUAL STUDIO 2012\PROJECTS\GAMETEST2\C_1_3\DEBUG\06.OBJ
C:\USERS\ZHANGJINHAI\DOCUMENTS\VISUAL STUDIO 2012\PROJECTS\GAMETEST2\DEBUG\C_1_3.ILK
C:\USERS\ZHANGJINHAI\DOCUMENTS\VISUAL STUDIO 2012\PROJECTS\GAMETEST2\DEBUG\C_1_3.EXE
C:\USERS\ZHANGJINHAI\DOCUMENTS\VISUAL STUDIO 2012\PROJECTS\GAMETEST2\DEBUG\C_1_3.PDB
C:\Users\zhangjinhai\documents\visual studio 2012\Projects\gametest2\C_1_3\Debug\01.obj
C:\Users\zhangjinhai\documents\visual studio 2012\Projects\gametest2\C_1_3\Debug\02.obj
C:\Users\zhangjinhai\documents\visual studio 2012\Projects\gametest2\C_1_3\Debug\03.obj
C:\Users\zhangjinhai\documents\visual studio 2012\Projects\gametest2\C_1_3\Debug\04.obj
C:\Users\zhangjinhai\documents\visual studio 2012\Projects\gametest2\C_1_3\Debug\05.obj
C:\Users\zhangjinhai\documents\visual studio 2012\Projects\gametest2\C_1_3\Debug\06.obj
C:\Users\zhangjinhai\documents\visual studio 2012\Projects\gametest2\C_1_3\Debug\cl.command.1.tlog
C:\Users\zhangjinhai\documents\visual studio 2012\Projects\gametest2\C_1_3\Debug\CL.read.1.tlog
C:\Users\zhangjinhai\documents\visual studio 2012\Projects\gametest2\C_1_3\Debug\CL.write.1.tlog
C:\Users\zhangjinhai\documents\visual studio 2012\Projects\gametest2\C_1_3\Debug\link-cvtres.read.1.tlog
C:\Users\zhangjinhai\documents\visual studio 2012\Projects\gametest2\C_1_3\Debug\link-cvtres.write.1.tlog
C:\Users\zhangjinhai\documents\visual studio 2012\Projects\gametest2\C_1_3\Debug\link-rc.read.1.tlog
C:\Users\zhangjinhai\documents\visual studio 2012\Projects\gametest2\C_1_3\Debug\link-rc.write.1.tlog
C:\Users\zhangjinhai\documents\visual studio 2012\Projects\gametest2\C_1_3\Debug\link.12508-cvtres.read.1.tlog
C:\Users\zhangjinhai\documents\visual studio 2012\Projects\gametest2\C_1_3\Debug\link.12508-cvtres.write.1.tlog
C:\Users\zhangjinhai\documents\visual studio 2012\Projects\gametest2\C_1_3\Debug\link.12508-rc.read.1.tlog
C:\Users\zhangjinhai\documents\visual studio 2012\Projects\gametest2\C_1_3\Debug\link.12508-rc.write.1.tlog
C:\Users\zhangjinhai\documents\visual studio 2012\Projects\gametest2\C_1_3\Debug\link.12508.read.1.tlog
C:\Users\zhangjinhai\documents\visual studio 2012\Projects\gametest2\C_1_3\Debug\link.12508.write.1.tlog
C:\Users\zhangjinhai\documents\visual studio 2012\Projects\gametest2\C_1_3\Debug\link.19128-cvtres.read.1.tlog
C:\Users\zhangjinhai\documents\visual studio 2012\Projects\gametest2\C_1_3\Debug\link.19128-cvtres.write.1.tlog
C:\Users\zhangjinhai\documents\visual studio 2012\Projects\gametest2\C_1_3\Debug\link.19128-rc.read.1.tlog
C:\Users\zhangjinhai\documents\visual studio 2012\Projects\gametest2\C_1_3\Debug\link.19128-rc.write.1.tlog
C:\Users\zhangjinhai\documents\visual studio 2012\Projects\gametest2\C_1_3\Debug\link.19128.read.1.tlog
C:\Users\zhangjinhai\documents\visual studio 2012\Projects\gametest2\C_1_3\Debug\link.19128.write.1.tlog
C:\Users\zhangjinhai\documents\visual studio 2012\Projects\gametest2\C_1_3\Debug\link.2848-cvtres.read.1.tlog
C:\Users\zhangjinhai\documents\visual studio 2012\Projects\gametest2\C_1_3\Debug\link.2848-cvtres.write.1.tlog
C:\Users\zhangjinhai\documents\visual studio 2012\Projects\gametest2\C_1_3\Debug\link.2848-rc.read.1.tlog
C:\Users\zhangjinhai\documents\visual studio 2012\Projects\gametest2\C_1_3\Debug\link.2848-rc.write.1.tlog
C:\Users\zhangjinhai\documents\visual studio 2012\Projects\gametest2\C_1_3\Debug\link.2848.read.1.tlog
C:\Users\zhangjinhai\documents\visual studio 2012\Projects\gametest2\C_1_3\Debug\link.2848.write.1.tlog
C:\Users\zhangjinhai\documents\visual studio 2012\Projects\gametest2\C_1_3\Debug\link.4016-cvtres.read.1.tlog
C:\Users\zhangjinhai\documents\visual studio 2012\Projects\gametest2\C_1_3\Debug\link.4016-cvtres.write.1.tlog
C:\Users\zhangjinhai\documents\visual studio 2012\Projects\gametest2\C_1_3\Debug\link.4016-rc.read.1.tlog
C:\Users\zhangjinhai\documents\visual studio 2012\Projects\gametest2\C_1_3\Debug\link.4016-rc.write.1.tlog
C:\Users\zhangjinhai\documents\visual studio 2012\Projects\gametest2\C_1_3\Debug\link.4016.read.1.tlog
C:\Users\zhangjinhai\documents\visual studio 2012\Projects\gametest2\C_1_3\Debug\link.4016.write.1.tlog
C:\Users\zhangjinhai\documents\visual studio 2012\Projects\gametest2\C_1_3\Debug\link.7760-cvtres.read.1.tlog
C:\Users\zhangjinhai\documents\visual studio 2012\Projects\gametest2\C_1_3\Debug\link.7760-cvtres.write.1.tlog
C:\Users\zhangjinhai\documents\visual studio 2012\Projects\gametest2\C_1_3\Debug\link.7760-rc.read.1.tlog
C:\Users\zhangjinhai\documents\visual studio 2012\Projects\gametest2\C_1_3\Debug\link.7760-rc.write.1.tlog
C:\Users\zhangjinhai\documents\visual studio 2012\Projects\gametest2\C_1_3\Debug\link.7760.read.1.tlog
C:\Users\zhangjinhai\documents\visual studio 2012\Projects\gametest2\C_1_3\Debug\link.7760.write.1.tlog
C:\Users\zhangjinhai\documents\visual studio 2012\Projects\gametest2\C_1_3\Debug\link.9344-cvtres.read.1.tlog
C:\Users\zhangjinhai\documents\visual studio 2012\Projects\gametest2\C_1_3\Debug\link.9344-cvtres.write.1.tlog
C:\Users\zhangjinhai\documents\visual studio 2012\Projects\gametest2\C_1_3\Debug\link.9344-rc.read.1.tlog
C:\Users\zhangjinhai\documents\visual studio 2012\Projects\gametest2\C_1_3\Debug\link.9344-rc.write.1.tlog
C:\Users\zhangjinhai\documents\visual studio 2012\Projects\gametest2\C_1_3\Debug\link.9344.read.1.tlog
C:\Users\zhangjinhai\documents\visual studio 2012\Projects\gametest2\C_1_3\Debug\link.9344.write.1.tlog
C:\Users\zhangjinhai\documents\visual studio 2012\Projects\gametest2\C_1_3\Debug\link.9648-cvtres.read.1.tlog
C:\Users\zhangjinhai\documents\visual studio 2012\Projects\gametest2\C_1_3\Debug\link.9648-cvtres.write.1.tlog
C:\Users\zhangjinhai\documents\visual studio 2012\Projects\gametest2\C_1_3\Debug\link.9648-rc.read.1.tlog
C:\Users\zhangjinhai\documents\visual studio 2012\Projects\gametest2\C_1_3\Debug\link.9648-rc.write.1.tlog
C:\Users\zhangjinhai\documents\visual studio 2012\Projects\gametest2\C_1_3\Debug\link.9648.read.1.tlog
C:\Users\zhangjinhai\documents\visual studio 2012\Projects\gametest2\C_1_3\Debug\link.9648.write.1.tlog
C:\Users\zhangjinhai\documents\visual studio 2012\Projects\gametest2\C_1_3\Debug\link.command.1.tlog
C:\Users\zhangjinhai\documents\visual studio 2012\Projects\gametest2\C_1_3\Debug\link.read.1.tlog
C:\Users\zhangjinhai\documents\visual studio 2012\Projects\gametest2\C_1_3\Debug\link.write.1.tlog
C:\Users\zhangjinhai\documents\visual studio 2012\Projects\gametest2\C_1_3\Debug\vc110.idb
C:\Users\zhangjinhai\documents\visual studio 2012\Projects\gametest2\C_1_3\Debug\vc110.pdb
C:\Users\zhangjinhai\documents\visual studio 2012\Projects\gametest2\Debug\C_1_3.pdb
C:\Users\zhangjinhai\documents\visual studio 2012\Projects\gametest2\Debug\C_1_3.exe
C:\Users\zhangjinhai\documents\visual studio 2012\Projects\gametest2\Debug\C_1_3.ilk
