C:\USERS\ZHANGJINHAI\DOCUMENTS\VISUAL STUDIO 2012\PROJECTS\GAMETEST2\RUSSIANBLOCK\DEBUG\RUSSIANBLOCKGAME.OBJ
C:\USERS\ZHANGJINHAI\DOCUMENTS\VISUAL STUDIO 2012\PROJECTS\GAMETEST2\RUSSIANBLOCK\DEBUG\VC110.PDB
C:\USERS\ZHANGJINHAI\DOCUMENTS\VISUAL STUDIO 2012\PROJECTS\GAMETEST2\DEBUG\RUSSIANBLOCK.ILK
C:\USERS\ZHANGJINHAI\DOCUMENTS\VISUAL STUDIO 2012\PROJECTS\GAMETEST2\DEBUG\RUSSIANBLOCK.EXE
C:\USERS\ZHANGJINHAI\DOCUMENTS\VISUAL STUDIO 2012\PROJECTS\GAMETEST2\DEBUG\RUSSIANBLOCK.PDB
C:\Users\zhangjinhai\documents\visual studio 2012\Projects\gametest2\RussianBlock\Debug\RussianBlockGame.obj
C:\Users\zhangjinhai\documents\visual studio 2012\Projects\gametest2\RussianBlock\Debug\cl.command.1.tlog
C:\Users\zhangjinhai\documents\visual studio 2012\Projects\gametest2\RussianBlock\Debug\CL.read.1.tlog
C:\Users\zhangjinhai\documents\visual studio 2012\Projects\gametest2\RussianBlock\Debug\CL.write.1.tlog
C:\Users\zhangjinhai\documents\visual studio 2012\Projects\gametest2\RussianBlock\Debug\link-cvtres.read.1.tlog
C:\Users\zhangjinhai\documents\visual studio 2012\Projects\gametest2\RussianBlock\Debug\link-cvtres.write.1.tlog
C:\Users\zhangjinhai\documents\visual studio 2012\Projects\gametest2\RussianBlock\Debug\link-rc.read.1.tlog
C:\Users\zhangjinhai\documents\visual studio 2012\Projects\gametest2\RussianBlock\Debug\link-rc.write.1.tlog
C:\Users\zhangjinhai\documents\visual studio 2012\Projects\gametest2\RussianBlock\Debug\link.18592-cvtres.read.1.tlog
C:\Users\zhangjinhai\documents\visual studio 2012\Projects\gametest2\RussianBlock\Debug\link.18592-cvtres.write.1.tlog
C:\Users\zhangjinhai\documents\visual studio 2012\Projects\gametest2\RussianBlock\Debug\link.18592-rc.read.1.tlog
C:\Users\zhangjinhai\documents\visual studio 2012\Projects\gametest2\RussianBlock\Debug\link.18592-rc.write.1.tlog
C:\Users\zhangjinhai\documents\visual studio 2012\Projects\gametest2\RussianBlock\Debug\link.18592.read.1.tlog
C:\Users\zhangjinhai\documents\visual studio 2012\Projects\gametest2\RussianBlock\Debug\link.18592.write.1.tlog
C:\Users\zhangjinhai\documents\visual studio 2012\Projects\gametest2\RussianBlock\Debug\link.8352-cvtres.read.1.tlog
C:\Users\zhangjinhai\documents\visual studio 2012\Projects\gametest2\RussianBlock\Debug\link.8352-cvtres.write.1.tlog
C:\Users\zhangjinhai\documents\visual studio 2012\Projects\gametest2\RussianBlock\Debug\link.8352-rc.read.1.tlog
C:\Users\zhangjinhai\documents\visual studio 2012\Projects\gametest2\RussianBlock\Debug\link.8352-rc.write.1.tlog
C:\Users\zhangjinhai\documents\visual studio 2012\Projects\gametest2\RussianBlock\Debug\link.8352.read.1.tlog
C:\Users\zhangjinhai\documents\visual studio 2012\Projects\gametest2\RussianBlock\Debug\link.8352.write.1.tlog
C:\Users\zhangjinhai\documents\visual studio 2012\Projects\gametest2\RussianBlock\Debug\link.command.1.tlog
C:\Users\zhangjinhai\documents\visual studio 2012\Projects\gametest2\RussianBlock\Debug\link.read.1.tlog
C:\Users\zhangjinhai\documents\visual studio 2012\Projects\gametest2\RussianBlock\Debug\link.write.1.tlog
C:\Users\zhangjinhai\documents\visual studio 2012\Projects\gametest2\RussianBlock\Debug\vc110.idb
C:\Users\zhangjinhai\documents\visual studio 2012\Projects\gametest2\RussianBlock\Debug\vc110.pdb
C:\Users\zhangjinhai\documents\visual studio 2012\Projects\gametest2\Debug\RussianBlock.pdb
C:\Users\zhangjinhai\documents\visual studio 2012\Projects\gametest2\Debug\RussianBlock.exe
C:\Users\zhangjinhai\documents\visual studio 2012\Projects\gametest2\Debug\RussianBlock.ilk
