C:\USERS\ZHANGJINHAI\DOCUMENTS\VISUAL STUDIO 2012\PROJECTS\GAMETEST2\C_5_2\DEBUG\01_链表基本概念.OBJ
C:\USERS\ZHANGJINHAI\DOCUMENTS\VISUAL STUDIO 2012\PROJECTS\GAMETEST2\C_5_2\DEBUG\02_链表_ADD添加.OBJ
C:\USERS\ZHANGJINHAI\DOCUMENTS\VISUAL STUDIO 2012\PROJECTS\GAMETEST2\C_5_2\DEBUG\03_链表_INSERT插入.OBJ
C:\USERS\ZHANGJINHAI\DOCUMENTS\VISUAL STUDIO 2012\PROJECTS\GAMETEST2\C_5_2\DEBUG\04_链表_REMOVE删除.OBJ
C:\USERS\ZHANGJINHAI\DOCUMENTS\VISUAL STUDIO 2012\PROJECTS\GAMETEST2\C_5_2\DEBUG\05_链表_查找.OBJ
C:\USERS\ZHANGJINHAI\DOCUMENTS\VISUAL STUDIO 2012\PROJECTS\GAMETEST2\C_5_2\DEBUG\VC110.PDB
C:\USERS\ZHANGJINHAI\DOCUMENTS\VISUAL STUDIO 2012\PROJECTS\GAMETEST2\DEBUG\C_5_2.ILK
C:\USERS\ZHANGJINHAI\DOCUMENTS\VISUAL STUDIO 2012\PROJECTS\GAMETEST2\DEBUG\C_5_2.EXE
C:\USERS\ZHANGJINHAI\DOCUMENTS\VISUAL STUDIO 2012\PROJECTS\GAMETEST2\DEBUG\C_5_2.PDB
C:\Users\zhangjinhai\Documents\Visual Studio 2012\Projects\gametest2\C_5_2\Debug\01_链表基本概念.obj
C:\Users\zhangjinhai\Documents\Visual Studio 2012\Projects\gametest2\C_5_2\Debug\02_链表_add添加.obj
C:\Users\zhangjinhai\Documents\Visual Studio 2012\Projects\gametest2\C_5_2\Debug\03_链表_insert插入.obj
C:\Users\zhangjinhai\Documents\Visual Studio 2012\Projects\gametest2\C_5_2\Debug\04_链表_remove删除.obj
C:\Users\zhangjinhai\Documents\Visual Studio 2012\Projects\gametest2\C_5_2\Debug\05_链表_查找.obj
C:\Users\zhangjinhai\Documents\Visual Studio 2012\Projects\gametest2\C_5_2\Debug\cl.command.1.tlog
C:\Users\zhangjinhai\Documents\Visual Studio 2012\Projects\gametest2\C_5_2\Debug\CL.read.1.tlog
C:\Users\zhangjinhai\Documents\Visual Studio 2012\Projects\gametest2\C_5_2\Debug\CL.write.1.tlog
C:\Users\zhangjinhai\Documents\Visual Studio 2012\Projects\gametest2\C_5_2\Debug\link-cvtres.read.1.tlog
C:\Users\zhangjinhai\Documents\Visual Studio 2012\Projects\gametest2\C_5_2\Debug\link-cvtres.write.1.tlog
C:\Users\zhangjinhai\Documents\Visual Studio 2012\Projects\gametest2\C_5_2\Debug\link-rc.read.1.tlog
C:\Users\zhangjinhai\Documents\Visual Studio 2012\Projects\gametest2\C_5_2\Debug\link-rc.write.1.tlog
C:\Users\zhangjinhai\Documents\Visual Studio 2012\Projects\gametest2\C_5_2\Debug\link.command.1.tlog
C:\Users\zhangjinhai\Documents\Visual Studio 2012\Projects\gametest2\C_5_2\Debug\link.read.1.tlog
C:\Users\zhangjinhai\Documents\Visual Studio 2012\Projects\gametest2\C_5_2\Debug\link.write.1.tlog
C:\Users\zhangjinhai\Documents\Visual Studio 2012\Projects\gametest2\C_5_2\Debug\vc110.idb
C:\Users\zhangjinhai\Documents\Visual Studio 2012\Projects\gametest2\C_5_2\Debug\vc110.pdb
C:\Users\zhangjinhai\Documents\Visual Studio 2012\Projects\gametest2\Debug\C_5_2.pdb
C:\Users\zhangjinhai\Documents\Visual Studio 2012\Projects\gametest2\Debug\C_5_2.exe
C:\Users\zhangjinhai\Documents\Visual Studio 2012\Projects\gametest2\Debug\C_5_2.ilk
