C:\USERS\ZHANGJINHAI\DOCUMENTS\VISUAL STUDIO 2012\PROJECTS\GAMETEST2\C_1_1_HOMEWORK\DEBUG\01.OBJ
C:\USERS\ZHANGJINHAI\DOCUMENTS\VISUAL STUDIO 2012\PROJECTS\GAMETEST2\C_1_1_HOMEWORK\DEBUG\02.OBJ
C:\USERS\ZHANGJINHAI\DOCUMENTS\VISUAL STUDIO 2012\PROJECTS\GAMETEST2\C_1_1_HOMEWORK\DEBUG\03.OBJ
C:\USERS\ZHANGJINHAI\DOCUMENTS\VISUAL STUDIO 2012\PROJECTS\GAMETEST2\C_1_1_HOMEWORK\DEBUG\04.OBJ
C:\USERS\ZHANGJINHAI\DOCUMENTS\VISUAL STUDIO 2012\PROJECTS\GAMETEST2\C_1_1_HOMEWORK\DEBUG\05.OBJ
C:\USERS\ZHANGJINHAI\DOCUMENTS\VISUAL STUDIO 2012\PROJECTS\GAMETEST2\C_1_1_HOMEWORK\DEBUG\06.OBJ
C:\USERS\ZHANGJINHAI\DOCUMENTS\VISUAL STUDIO 2012\PROJECTS\GAMETEST2\C_1_1_HOMEWORK\DEBUG\07.OBJ
C:\USERS\ZHANGJINHAI\DOCUMENTS\VISUAL STUDIO 2012\PROJECTS\GAMETEST2\C_1_1_HOMEWORK\DEBUG\08.OBJ
C:\USERS\ZHANGJINHAI\DOCUMENTS\VISUAL STUDIO 2012\PROJECTS\GAMETEST2\C_1_1_HOMEWORK\DEBUG\09.OBJ
C:\USERS\ZHANGJINHAI\DOCUMENTS\VISUAL STUDIO 2012\PROJECTS\GAMETEST2\C_1_1_HOMEWORK\DEBUG\10.OBJ
C:\USERS\ZHANGJINHAI\DOCUMENTS\VISUAL STUDIO 2012\PROJECTS\GAMETEST2\C_1_1_HOMEWORK\DEBUG\VC110.PDB
C:\USERS\ZHANGJINHAI\DOCUMENTS\VISUAL STUDIO 2012\PROJECTS\GAMETEST2\C_1_1_HOMEWORK\DEBUG\06_2.OBJ
C:\USERS\ZHANGJINHAI\DOCUMENTS\VISUAL STUDIO 2012\PROJECTS\GAMETEST2\DEBUG\C_1_1_HOMEWORK.ILK
C:\USERS\ZHANGJINHAI\DOCUMENTS\VISUAL STUDIO 2012\PROJECTS\GAMETEST2\DEBUG\C_1_1_HOMEWORK.EXE
C:\USERS\ZHANGJINHAI\DOCUMENTS\VISUAL STUDIO 2012\PROJECTS\GAMETEST2\DEBUG\C_1_1_HOMEWORK.PDB
C:\Users\zhangjinhai\documents\visual studio 2012\Projects\gametest2\C_1_1_homework\Debug\01.obj
C:\Users\zhangjinhai\documents\visual studio 2012\Projects\gametest2\C_1_1_homework\Debug\02.obj
C:\Users\zhangjinhai\documents\visual studio 2012\Projects\gametest2\C_1_1_homework\Debug\03.obj
C:\Users\zhangjinhai\documents\visual studio 2012\Projects\gametest2\C_1_1_homework\Debug\04.obj
C:\Users\zhangjinhai\documents\visual studio 2012\Projects\gametest2\C_1_1_homework\Debug\05.obj
C:\Users\zhangjinhai\documents\visual studio 2012\Projects\gametest2\C_1_1_homework\Debug\06.obj
C:\Users\zhangjinhai\documents\visual studio 2012\Projects\gametest2\C_1_1_homework\Debug\06_2.obj
C:\Users\zhangjinhai\documents\visual studio 2012\Projects\gametest2\C_1_1_homework\Debug\07.obj
C:\Users\zhangjinhai\documents\visual studio 2012\Projects\gametest2\C_1_1_homework\Debug\08.obj
C:\Users\zhangjinhai\documents\visual studio 2012\Projects\gametest2\C_1_1_homework\Debug\09.obj
C:\Users\zhangjinhai\documents\visual studio 2012\Projects\gametest2\C_1_1_homework\Debug\10.obj
C:\Users\zhangjinhai\documents\visual studio 2012\Projects\gametest2\C_1_1_homework\Debug\cl.command.1.tlog
C:\Users\zhangjinhai\documents\visual studio 2012\Projects\gametest2\C_1_1_homework\Debug\CL.read.1.tlog
C:\Users\zhangjinhai\documents\visual studio 2012\Projects\gametest2\C_1_1_homework\Debug\CL.write.1.tlog
C:\Users\zhangjinhai\documents\visual studio 2012\Projects\gametest2\C_1_1_homework\Debug\link-cvtres.read.1.tlog
C:\Users\zhangjinhai\documents\visual studio 2012\Projects\gametest2\C_1_1_homework\Debug\link-cvtres.write.1.tlog
C:\Users\zhangjinhai\documents\visual studio 2012\Projects\gametest2\C_1_1_homework\Debug\link-rc.read.1.tlog
C:\Users\zhangjinhai\documents\visual studio 2012\Projects\gametest2\C_1_1_homework\Debug\link-rc.write.1.tlog
C:\Users\zhangjinhai\documents\visual studio 2012\Projects\gametest2\C_1_1_homework\Debug\link.17548-cvtres.read.1.tlog
C:\Users\zhangjinhai\documents\visual studio 2012\Projects\gametest2\C_1_1_homework\Debug\link.17548-cvtres.write.1.tlog
C:\Users\zhangjinhai\documents\visual studio 2012\Projects\gametest2\C_1_1_homework\Debug\link.17548-rc.read.1.tlog
C:\Users\zhangjinhai\documents\visual studio 2012\Projects\gametest2\C_1_1_homework\Debug\link.17548-rc.write.1.tlog
C:\Users\zhangjinhai\documents\visual studio 2012\Projects\gametest2\C_1_1_homework\Debug\link.17548.read.1.tlog
C:\Users\zhangjinhai\documents\visual studio 2012\Projects\gametest2\C_1_1_homework\Debug\link.17548.write.1.tlog
C:\Users\zhangjinhai\documents\visual studio 2012\Projects\gametest2\C_1_1_homework\Debug\link.20944-cvtres.read.1.tlog
C:\Users\zhangjinhai\documents\visual studio 2012\Projects\gametest2\C_1_1_homework\Debug\link.20944-cvtres.write.1.tlog
C:\Users\zhangjinhai\documents\visual studio 2012\Projects\gametest2\C_1_1_homework\Debug\link.20944-rc.read.1.tlog
C:\Users\zhangjinhai\documents\visual studio 2012\Projects\gametest2\C_1_1_homework\Debug\link.20944-rc.write.1.tlog
C:\Users\zhangjinhai\documents\visual studio 2012\Projects\gametest2\C_1_1_homework\Debug\link.20944.read.1.tlog
C:\Users\zhangjinhai\documents\visual studio 2012\Projects\gametest2\C_1_1_homework\Debug\link.20944.write.1.tlog
C:\Users\zhangjinhai\documents\visual studio 2012\Projects\gametest2\C_1_1_homework\Debug\link.4400-cvtres.read.1.tlog
C:\Users\zhangjinhai\documents\visual studio 2012\Projects\gametest2\C_1_1_homework\Debug\link.4400-cvtres.write.1.tlog
C:\Users\zhangjinhai\documents\visual studio 2012\Projects\gametest2\C_1_1_homework\Debug\link.4400-rc.read.1.tlog
C:\Users\zhangjinhai\documents\visual studio 2012\Projects\gametest2\C_1_1_homework\Debug\link.4400-rc.write.1.tlog
C:\Users\zhangjinhai\documents\visual studio 2012\Projects\gametest2\C_1_1_homework\Debug\link.4400.read.1.tlog
C:\Users\zhangjinhai\documents\visual studio 2012\Projects\gametest2\C_1_1_homework\Debug\link.4400.write.1.tlog
C:\Users\zhangjinhai\documents\visual studio 2012\Projects\gametest2\C_1_1_homework\Debug\link.7820-cvtres.read.1.tlog
C:\Users\zhangjinhai\documents\visual studio 2012\Projects\gametest2\C_1_1_homework\Debug\link.7820-cvtres.write.1.tlog
C:\Users\zhangjinhai\documents\visual studio 2012\Projects\gametest2\C_1_1_homework\Debug\link.7820-rc.read.1.tlog
C:\Users\zhangjinhai\documents\visual studio 2012\Projects\gametest2\C_1_1_homework\Debug\link.7820-rc.write.1.tlog
C:\Users\zhangjinhai\documents\visual studio 2012\Projects\gametest2\C_1_1_homework\Debug\link.7820.read.1.tlog
C:\Users\zhangjinhai\documents\visual studio 2012\Projects\gametest2\C_1_1_homework\Debug\link.7820.write.1.tlog
C:\Users\zhangjinhai\documents\visual studio 2012\Projects\gametest2\C_1_1_homework\Debug\link.command.1.tlog
C:\Users\zhangjinhai\documents\visual studio 2012\Projects\gametest2\C_1_1_homework\Debug\link.read.1.tlog
C:\Users\zhangjinhai\documents\visual studio 2012\Projects\gametest2\C_1_1_homework\Debug\link.write.1.tlog
C:\Users\zhangjinhai\documents\visual studio 2012\Projects\gametest2\C_1_1_homework\Debug\vc110.idb
C:\Users\zhangjinhai\documents\visual studio 2012\Projects\gametest2\C_1_1_homework\Debug\vc110.pdb
C:\Users\zhangjinhai\documents\visual studio 2012\Projects\gametest2\Debug\C_1_1_homework.pdb
C:\Users\zhangjinhai\documents\visual studio 2012\Projects\gametest2\Debug\C_1_1_homework.exe
C:\Users\zhangjinhai\documents\visual studio 2012\Projects\gametest2\Debug\C_1_1_homework.ilk
