e:\20250519\c语言技术体系\c_1\c_1_2\debug\vc142.pdb
e:\20250519\c语言技术体系\c_1\c_1_2\debug\vc142.idb
e:\20250519\c语言技术体系\c_1\c_1_2\debug\211.obj
e:\20250519\c语言技术体系\c_1\c_1_2\debug\210.obj
e:\20250519\c语言技术体系\c_1\c_1_2\debug\209.obj
e:\20250519\c语言技术体系\c_1\c_1_2\debug\208.obj
e:\20250519\c语言技术体系\c_1\c_1_2\debug\207.obj
e:\20250519\c语言技术体系\c_1\c_1_2\debug\206.obj
e:\20250519\c语言技术体系\c_1\c_1_2\debug\205.obj
e:\20250519\c语言技术体系\c_1\c_1_2\debug\204.obj
e:\20250519\c语言技术体系\c_1\c_1_2\debug\203.obj
e:\20250519\c语言技术体系\c_1\c_1_2\debug\202.obj
e:\20250519\c语言技术体系\c_1\c_1_2\debug\201.obj
e:\20250519\c语言技术体系\c_1\c_1_2\debug\16_图形to代码.obj
e:\20250519\c语言技术体系\c_1\c_1_2\debug\15_图形to代码.obj
e:\20250519\c语言技术体系\c_1\c_1_2\debug\14_图形to代码.obj
e:\20250519\c语言技术体系\c_1\c_1_2\debug\13_图形to代码.obj
e:\20250519\c语言技术体系\c_1\c_1_2\debug\12_图形to代码.obj
e:\20250519\c语言技术体系\c_1\c_1_2\debug\11_图形to代码.obj
e:\20250519\c语言技术体系\c_1\c_1_2\debug\02_速度.obj
e:\20250519\c语言技术体系\c_1\c_1_2\debug\01_规格.obj
e:\20250519\c语言技术体系\debug\c_1_2.exe
e:\20250519\c语言技术体系\c_1\c_1_2\debug\c_1_2.ilk
e:\20250519\c语言技术体系\debug\c_1_2.pdb
e:\20250519\c语言技术体系\c_1\c_1_2\debug\c_1_2.tlog\cl.command.1.tlog
e:\20250519\c语言技术体系\c_1\c_1_2\debug\c_1_2.tlog\cl.read.1.tlog
e:\20250519\c语言技术体系\c_1\c_1_2\debug\c_1_2.tlog\cl.write.1.tlog
e:\20250519\c语言技术体系\c_1\c_1_2\debug\c_1_2.tlog\link.command.1.tlog
e:\20250519\c语言技术体系\c_1\c_1_2\debug\c_1_2.tlog\link.read.1.tlog
e:\20250519\c语言技术体系\c_1\c_1_2\debug\c_1_2.tlog\link.write.1.tlog
