c:\users\zhangjinhai\documents\visual studio 2012\projects\gametest2\c_2_2\debug\01_一维数组_基本用法.obj
c:\users\zhangjinhai\documents\visual studio 2012\projects\gametest2\c_2_2\debug\02_一维数组_初始化.obj
c:\users\zhangjinhai\documents\visual studio 2012\projects\gametest2\c_2_2\debug\11.obj
c:\users\zhangjinhai\documents\visual studio 2012\projects\gametest2\c_2_2\debug\12.obj
c:\users\zhangjinhai\documents\visual studio 2012\projects\gametest2\c_2_2\debug\13.obj
c:\users\zhangjinhai\documents\visual studio 2012\projects\gametest2\c_2_2\debug\14.obj
c:\users\zhangjinhai\documents\visual studio 2012\projects\gametest2\c_2_2\debug\15.obj
c:\users\zhangjinhai\documents\visual studio 2012\projects\gametest2\c_2_2\debug\16.obj
c:\users\zhangjinhai\documents\visual studio 2012\projects\gametest2\c_2_2\debug\17.obj
c:\users\zhangjinhai\documents\visual studio 2012\projects\gametest2\c_2_2\debug\18.obj
c:\users\zhangjinhai\documents\visual studio 2012\projects\gametest2\c_2_2\debug\vc110.pdb
c:\users\zhangjinhai\documents\visual studio 2012\projects\gametest2\c_2_2\debug\19.obj
c:\users\zhangjinhai\documents\visual studio 2012\projects\gametest2\debug\c_2_2.ilk
c:\users\zhangjinhai\documents\visual studio 2012\projects\gametest2\debug\c_2_2.exe
c:\users\zhangjinhai\documents\visual studio 2012\projects\gametest2\debug\c_2_2.pdb
e:\20250519\c语言技术体系\c_2\c_2\c_2_2\debug\vc142.pdb
e:\20250519\c语言技术体系\c_2\c_2\c_2_2\debug\vc142.idb
e:\20250519\c语言技术体系\c_2\c_2\c_2_2\debug\19.obj
e:\20250519\c语言技术体系\c_2\c_2\c_2_2\debug\18.obj
e:\20250519\c语言技术体系\c_2\c_2\c_2_2\debug\17.obj
e:\20250519\c语言技术体系\c_2\c_2\c_2_2\debug\16.obj
e:\20250519\c语言技术体系\c_2\c_2\c_2_2\debug\15.obj
e:\20250519\c语言技术体系\c_2\c_2\c_2_2\debug\14.obj
e:\20250519\c语言技术体系\c_2\c_2\c_2_2\debug\13.obj
e:\20250519\c语言技术体系\c_2\c_2\c_2_2\debug\12.obj
e:\20250519\c语言技术体系\c_2\c_2\c_2_2\debug\11.obj
e:\20250519\c语言技术体系\c_2\c_2\c_2_2\debug\02_一维数组_初始化.obj
e:\20250519\c语言技术体系\c_2\c_2\c_2_2\debug\01_一维数组_基本用法.obj
e:\20250519\c语言技术体系\c_2\c_2\c_2_2\debug\20.obj
e:\20250519\c语言技术体系\debug\c_2_2.exe
e:\20250519\c语言技术体系\c_2\c_2\c_2_2\debug\c_2_2.ilk
e:\20250519\c语言技术体系\debug\c_2_2.pdb
e:\20250519\c语言技术体系\c_2\c_2\c_2_2\debug\cl.command.1.tlog
e:\20250519\c语言技术体系\c_2\c_2\c_2_2\debug\cl.read.1.tlog
e:\20250519\c语言技术体系\c_2\c_2\c_2_2\debug\cl.write.1.tlog
e:\20250519\c语言技术体系\c_2\c_2\c_2_2\debug\link-cvtres.read.1.tlog
e:\20250519\c语言技术体系\c_2\c_2\c_2_2\debug\link-cvtres.write.1.tlog
e:\20250519\c语言技术体系\c_2\c_2\c_2_2\debug\link-rc.read.1.tlog
e:\20250519\c语言技术体系\c_2\c_2\c_2_2\debug\link-rc.write.1.tlog
e:\20250519\c语言技术体系\c_2\c_2\c_2_2\debug\link.command.1.tlog
e:\20250519\c语言技术体系\c_2\c_2\c_2_2\debug\link.read.1.tlog
e:\20250519\c语言技术体系\c_2\c_2\c_2_2\debug\link.write.1.tlog
e:\20250519\c语言技术体系\c_2\c_2\c_2_2\debug\vc110.idb
e:\20250519\c语言技术体系\c_2\c_2\c_2_2\debug\vc110.pdb
e:\20250519\c语言技术体系\c_2\c_2\c_2_2\debug\c_2_2.tlog\cl.command.1.tlog
e:\20250519\c语言技术体系\c_2\c_2\c_2_2\debug\c_2_2.tlog\cl.read.1.tlog
e:\20250519\c语言技术体系\c_2\c_2\c_2_2\debug\c_2_2.tlog\cl.write.1.tlog
e:\20250519\c语言技术体系\c_2\c_2\c_2_2\debug\c_2_2.tlog\link.command.1.tlog
e:\20250519\c语言技术体系\c_2\c_2\c_2_2\debug\c_2_2.tlog\link.read.1.tlog
e:\20250519\c语言技术体系\c_2\c_2\c_2_2\debug\c_2_2.tlog\link.write.1.tlog
