C:\USERS\ZHANGJINHAI\DOCUMENTS\VISUAL STUDIO 2012\PROJECTS\GAMETEST2\C_2_4\DEBUG\01_二维数组_基本用法.OBJ
C:\USERS\ZHANGJINHAI\DOCUMENTS\VISUAL STUDIO 2012\PROJECTS\GAMETEST2\C_2_4\DEBUG\02_二维数组_初始化.OBJ
C:\USERS\ZHANGJINHAI\DOCUMENTS\VISUAL STUDIO 2012\PROJECTS\GAMETEST2\C_2_4\DEBUG\03_二维数组与指针.OBJ
C:\USERS\ZHANGJINHAI\DOCUMENTS\VISUAL STUDIO 2012\PROJECTS\GAMETEST2\C_2_4\DEBUG\04_多维数组原理.OBJ
C:\USERS\ZHANGJINHAI\DOCUMENTS\VISUAL STUDIO 2012\PROJECTS\GAMETEST2\C_2_4\DEBUG\11.OBJ
C:\USERS\ZHANGJINHAI\DOCUMENTS\VISUAL STUDIO 2012\PROJECTS\GAMETEST2\C_2_4\DEBUG\12.OBJ
C:\USERS\ZHANGJINHAI\DOCUMENTS\VISUAL STUDIO 2012\PROJECTS\GAMETEST2\C_2_4\DEBUG\13.OBJ
C:\USERS\ZHANGJINHAI\DOCUMENTS\VISUAL STUDIO 2012\PROJECTS\GAMETEST2\C_2_4\DEBUG\14.OBJ
C:\USERS\ZHANGJINHAI\DOCUMENTS\VISUAL STUDIO 2012\PROJECTS\GAMETEST2\C_2_4\DEBUG\VC110.PDB
C:\USERS\ZHANGJINHAI\DOCUMENTS\VISUAL STUDIO 2012\PROJECTS\GAMETEST2\DEBUG\C_2_4.ILK
C:\USERS\ZHANGJINHAI\DOCUMENTS\VISUAL STUDIO 2012\PROJECTS\GAMETEST2\DEBUG\C_2_4.EXE
C:\USERS\ZHANGJINHAI\DOCUMENTS\VISUAL STUDIO 2012\PROJECTS\GAMETEST2\DEBUG\C_2_4.PDB
C:\Users\zhangjinhai\documents\visual studio 2012\Projects\gametest2\C_2_4\Debug\01_二维数组_基本用法.obj
C:\Users\zhangjinhai\documents\visual studio 2012\Projects\gametest2\C_2_4\Debug\02_二维数组_初始化.obj
C:\Users\zhangjinhai\documents\visual studio 2012\Projects\gametest2\C_2_4\Debug\03_二维数组与指针.obj
C:\Users\zhangjinhai\documents\visual studio 2012\Projects\gametest2\C_2_4\Debug\04_多维数组原理.obj
C:\Users\zhangjinhai\documents\visual studio 2012\Projects\gametest2\C_2_4\Debug\11.obj
C:\Users\zhangjinhai\documents\visual studio 2012\Projects\gametest2\C_2_4\Debug\12.obj
C:\Users\zhangjinhai\documents\visual studio 2012\Projects\gametest2\C_2_4\Debug\13.obj
C:\Users\zhangjinhai\documents\visual studio 2012\Projects\gametest2\C_2_4\Debug\14.obj
C:\Users\zhangjinhai\documents\visual studio 2012\Projects\gametest2\C_2_4\Debug\cl.command.1.tlog
C:\Users\zhangjinhai\documents\visual studio 2012\Projects\gametest2\C_2_4\Debug\CL.read.1.tlog
C:\Users\zhangjinhai\documents\visual studio 2012\Projects\gametest2\C_2_4\Debug\CL.write.1.tlog
C:\Users\zhangjinhai\documents\visual studio 2012\Projects\gametest2\C_2_4\Debug\link-cvtres.read.1.tlog
C:\Users\zhangjinhai\documents\visual studio 2012\Projects\gametest2\C_2_4\Debug\link-cvtres.write.1.tlog
C:\Users\zhangjinhai\documents\visual studio 2012\Projects\gametest2\C_2_4\Debug\link-rc.read.1.tlog
C:\Users\zhangjinhai\documents\visual studio 2012\Projects\gametest2\C_2_4\Debug\link-rc.write.1.tlog
C:\Users\zhangjinhai\documents\visual studio 2012\Projects\gametest2\C_2_4\Debug\link.20184-cvtres.read.1.tlog
C:\Users\zhangjinhai\documents\visual studio 2012\Projects\gametest2\C_2_4\Debug\link.20184-cvtres.write.1.tlog
C:\Users\zhangjinhai\documents\visual studio 2012\Projects\gametest2\C_2_4\Debug\link.20184-rc.read.1.tlog
C:\Users\zhangjinhai\documents\visual studio 2012\Projects\gametest2\C_2_4\Debug\link.20184-rc.write.1.tlog
C:\Users\zhangjinhai\documents\visual studio 2012\Projects\gametest2\C_2_4\Debug\link.20184.read.1.tlog
C:\Users\zhangjinhai\documents\visual studio 2012\Projects\gametest2\C_2_4\Debug\link.20184.write.1.tlog
C:\Users\zhangjinhai\documents\visual studio 2012\Projects\gametest2\C_2_4\Debug\link.command.1.tlog
C:\Users\zhangjinhai\documents\visual studio 2012\Projects\gametest2\C_2_4\Debug\link.read.1.tlog
C:\Users\zhangjinhai\documents\visual studio 2012\Projects\gametest2\C_2_4\Debug\link.write.1.tlog
C:\Users\zhangjinhai\documents\visual studio 2012\Projects\gametest2\C_2_4\Debug\vc110.idb
C:\Users\zhangjinhai\documents\visual studio 2012\Projects\gametest2\C_2_4\Debug\vc110.pdb
C:\Users\zhangjinhai\documents\visual studio 2012\Projects\gametest2\Debug\C_2_4.pdb
C:\Users\zhangjinhai\documents\visual studio 2012\Projects\gametest2\Debug\C_2_4.exe
C:\Users\zhangjinhai\documents\visual studio 2012\Projects\gametest2\Debug\C_2_4.ilk
