e:\20250519\c语言技术体系\c_4\c_4_1\debug\vc142.pdb
e:\20250519\c语言技术体系\c_4\c_4_1\debug\vc142.idb
e:\20250519\c语言技术体系\c_4\c_4_1\debug\09_字符串键盘输入.obj
e:\20250519\c语言技术体系\c_4\c_4_1\debug\08_字符串类型转换.obj
e:\20250519\c语言技术体系\c_4\c_4_1\debug\07_字符串的匹配.obj
e:\20250519\c语言技术体系\c_4\c_4_1\debug\06_字符串的比较.obj
e:\20250519\c语言技术体系\c_4\c_4_1\debug\05_字符串的拼接.obj
e:\20250519\c语言技术体系\c_4\c_4_1\debug\04_字符串的复制.obj
e:\20250519\c语言技术体系\c_4\c_4_1\debug\03_字符串得到长度.obj
e:\20250519\c语言技术体系\c_4\c_4_1\debug\02_字符串存储原理.obj
e:\20250519\c语言技术体系\c_4\c_4_1\debug\01_字符_字符数组_字符串.obj
e:\20250519\c语言技术体系\c_4\c_4_1\debug\c_4_1.ilk
e:\20250519\c语言技术体系\debug\c_4_1.exe
e:\20250519\c语言技术体系\debug\c_4_1.pdb
e:\20250519\c语言技术体系\c_4\c_4_1\debug\c_4_1.tlog\cl.command.1.tlog
e:\20250519\c语言技术体系\c_4\c_4_1\debug\c_4_1.tlog\cl.read.1.tlog
e:\20250519\c语言技术体系\c_4\c_4_1\debug\c_4_1.tlog\cl.write.1.tlog
e:\20250519\c语言技术体系\c_4\c_4_1\debug\c_4_1.tlog\link.command.1.tlog
e:\20250519\c语言技术体系\c_4\c_4_1\debug\c_4_1.tlog\link.read.1.tlog
e:\20250519\c语言技术体系\c_4\c_4_1\debug\c_4_1.tlog\link.write.1.tlog
