  01_内存地址.c
  02_指针变量与地址.c
C:\Users\20294\Desktop\kelin\C_2\C_2\C_2_1\02_指针变量与地址.c(19,9): warning C4477: “printf”: 格式字符串“%d”需要类型“int”的参数，但可变参数 1 拥有了类型“int *”
C:\Users\20294\Desktop\kelin\C_2\C_2\C_2_1\02_指针变量与地址.c(19,9): warning C4477: “printf”: 格式字符串“%d”需要类型“int”的参数，但可变参数 2 拥有了类型“int *”
C:\Users\20294\Desktop\kelin\C_2\C_2\C_2_1\02_指针变量与地址.c(19,9): warning C4477: “printf”: 格式字符串“%d”需要类型“int”的参数，但可变参数 3 拥有了类型“int *”
C:\Users\20294\Desktop\kelin\C_2\C_2\C_2_1\02_指针变量与地址.c(20,9): warning C4477: “printf”: 格式字符串“%d”需要类型“int”的参数，但可变参数 1 拥有了类型“char *”
C:\Users\20294\Desktop\kelin\C_2\C_2\C_2_1\02_指针变量与地址.c(20,9): warning C4477: “printf”: 格式字符串“%d”需要类型“int”的参数，但可变参数 2 拥有了类型“char *”
C:\Users\20294\Desktop\kelin\C_2\C_2\C_2_1\02_指针变量与地址.c(20,9): warning C4477: “printf”: 格式字符串“%d”需要类型“int”的参数，但可变参数 3 拥有了类型“char *”
C:\Users\20294\Desktop\kelin\C_2\C_2\C_2_1\02_指针变量与地址.c(21,9): warning C4477: “printf”: 格式字符串“%d”需要类型“int”的参数，但可变参数 1 拥有了类型“short *”
C:\Users\20294\Desktop\kelin\C_2\C_2\C_2_1\02_指针变量与地址.c(21,9): warning C4477: “printf”: 格式字符串“%d”需要类型“int”的参数，但可变参数 2 拥有了类型“short *”
C:\Users\20294\Desktop\kelin\C_2\C_2\C_2_1\02_指针变量与地址.c(21,9): warning C4477: “printf”: 格式字符串“%d”需要类型“int”的参数，但可变参数 3 拥有了类型“short *”
C:\Users\20294\Desktop\kelin\C_2\C_2\C_2_1\02_指针变量与地址.c(22,9): warning C4477: “printf”: 格式字符串“%d”需要类型“int”的参数，但可变参数 1 拥有了类型“__int64 *”
C:\Users\20294\Desktop\kelin\C_2\C_2\C_2_1\02_指针变量与地址.c(22,9): warning C4477: “printf”: 格式字符串“%d”需要类型“int”的参数，但可变参数 2 拥有了类型“__int64 *”
C:\Users\20294\Desktop\kelin\C_2\C_2\C_2_1\02_指针变量与地址.c(22,9): warning C4477: “printf”: 格式字符串“%d”需要类型“int”的参数，但可变参数 3 拥有了类型“__int64 *”
C:\Users\20294\Desktop\kelin\C_2\C_2\C_2_1\02_指针变量与地址.c(12,1): warning C4133: “初始化”: 从“int *”到“char *”的类型不兼容
C:\Users\20294\Desktop\kelin\C_2\C_2\C_2_1\02_指针变量与地址.c(13,1): warning C4133: “初始化”: 从“int *”到“short *”的类型不兼容
C:\Users\20294\Desktop\kelin\C_2\C_2\C_2_1\02_指针变量与地址.c(14,1): warning C4133: “初始化”: 从“int *”到“__int64 *”的类型不兼容
  test.c
C:\Users\20294\Desktop\kelin\C_2\C_2\C_2_1\test.c(6,1): warning C4133: “初始化”: 从“int *”到“char *”的类型不兼容
  正在生成代码...
  C_2_1.vcxproj -> D:\1111\cpp\test\Debug\C_2_1.exe
