C:\USERS\ZHANGJINHAI\DOCUMENTS\VISUAL STUDIO 2012\PROJECTS\GAMETEST2\C_2_1\DEBUG\01_内存地址.OBJ
C:\USERS\ZHANGJINHAI\DOCUMENTS\VISUAL STUDIO 2012\PROJECTS\GAMETEST2\C_2_1\DEBUG\02_一级指针.OBJ
C:\USERS\ZHANGJINHAI\DOCUMENTS\VISUAL STUDIO 2012\PROJECTS\GAMETEST2\C_2_1\DEBUG\VC110.PDB
C:\USERS\ZHANGJINHAI\DOCUMENTS\VISUAL STUDIO 2012\PROJECTS\GAMETEST2\C_2_1\DEBUG\02_指针变量与地址.OBJ
C:\USERS\ZHANGJINHAI\DOCUMENTS\VISUAL STUDIO 2012\PROJECTS\GAMETEST2\C_2_1\DEBUG\03_指针案例.OBJ
C:\USERS\ZHANGJINHAI\DOCUMENTS\VISUAL STUDIO 2012\PROJECTS\GAMETEST2\C_2_1\DEBUG\03_面试题：大端与小端.OBJ
C:\USERS\ZHANGJINHAI\DOCUMENTS\VISUAL STUDIO 2012\PROJECTS\GAMETEST2\DEBUG\C_2_1.ILK
C:\USERS\ZHANGJINHAI\DOCUMENTS\VISUAL STUDIO 2012\PROJECTS\GAMETEST2\DEBUG\C_2_1.EXE
C:\USERS\ZHANGJINHAI\DOCUMENTS\VISUAL STUDIO 2012\PROJECTS\GAMETEST2\DEBUG\C_2_1.PDB
C:\Users\zhangjinhai\documents\visual studio 2012\Projects\gametest2\C_2_1\Debug\01_内存地址.obj
C:\Users\zhangjinhai\documents\visual studio 2012\Projects\gametest2\C_2_1\Debug\02_一级指针.obj
C:\Users\zhangjinhai\documents\visual studio 2012\Projects\gametest2\C_2_1\Debug\02_指针变量与地址.obj
C:\Users\zhangjinhai\documents\visual studio 2012\Projects\gametest2\C_2_1\Debug\03_指针案例.obj
C:\Users\zhangjinhai\documents\visual studio 2012\Projects\gametest2\C_2_1\Debug\03_面试题：大端与小端.obj
C:\Users\zhangjinhai\documents\visual studio 2012\Projects\gametest2\C_2_1\Debug\cl.command.1.tlog
C:\Users\zhangjinhai\documents\visual studio 2012\Projects\gametest2\C_2_1\Debug\CL.read.1.tlog
C:\Users\zhangjinhai\documents\visual studio 2012\Projects\gametest2\C_2_1\Debug\CL.write.1.tlog
C:\Users\zhangjinhai\documents\visual studio 2012\Projects\gametest2\C_2_1\Debug\link-cvtres.read.1.tlog
C:\Users\zhangjinhai\documents\visual studio 2012\Projects\gametest2\C_2_1\Debug\link-cvtres.write.1.tlog
C:\Users\zhangjinhai\documents\visual studio 2012\Projects\gametest2\C_2_1\Debug\link-rc.read.1.tlog
C:\Users\zhangjinhai\documents\visual studio 2012\Projects\gametest2\C_2_1\Debug\link-rc.write.1.tlog
C:\Users\zhangjinhai\documents\visual studio 2012\Projects\gametest2\C_2_1\Debug\link.27672-cvtres.read.1.tlog
C:\Users\zhangjinhai\documents\visual studio 2012\Projects\gametest2\C_2_1\Debug\link.27672-cvtres.write.1.tlog
C:\Users\zhangjinhai\documents\visual studio 2012\Projects\gametest2\C_2_1\Debug\link.27672-rc.read.1.tlog
C:\Users\zhangjinhai\documents\visual studio 2012\Projects\gametest2\C_2_1\Debug\link.27672-rc.write.1.tlog
C:\Users\zhangjinhai\documents\visual studio 2012\Projects\gametest2\C_2_1\Debug\link.27672.read.1.tlog
C:\Users\zhangjinhai\documents\visual studio 2012\Projects\gametest2\C_2_1\Debug\link.27672.write.1.tlog
C:\Users\zhangjinhai\documents\visual studio 2012\Projects\gametest2\C_2_1\Debug\link.5040-cvtres.read.1.tlog
C:\Users\zhangjinhai\documents\visual studio 2012\Projects\gametest2\C_2_1\Debug\link.5040-cvtres.write.1.tlog
C:\Users\zhangjinhai\documents\visual studio 2012\Projects\gametest2\C_2_1\Debug\link.5040-rc.read.1.tlog
C:\Users\zhangjinhai\documents\visual studio 2012\Projects\gametest2\C_2_1\Debug\link.5040-rc.write.1.tlog
C:\Users\zhangjinhai\documents\visual studio 2012\Projects\gametest2\C_2_1\Debug\link.5040.read.1.tlog
C:\Users\zhangjinhai\documents\visual studio 2012\Projects\gametest2\C_2_1\Debug\link.5040.write.1.tlog
C:\Users\zhangjinhai\documents\visual studio 2012\Projects\gametest2\C_2_1\Debug\link.command.1.tlog
C:\Users\zhangjinhai\documents\visual studio 2012\Projects\gametest2\C_2_1\Debug\link.read.1.tlog
C:\Users\zhangjinhai\documents\visual studio 2012\Projects\gametest2\C_2_1\Debug\link.write.1.tlog
C:\Users\zhangjinhai\documents\visual studio 2012\Projects\gametest2\C_2_1\Debug\vc110.idb
C:\Users\zhangjinhai\documents\visual studio 2012\Projects\gametest2\C_2_1\Debug\vc110.pdb
C:\Users\zhangjinhai\documents\visual studio 2012\Projects\gametest2\Debug\C_2_1.pdb
C:\Users\zhangjinhai\documents\visual studio 2012\Projects\gametest2\Debug\C_2_1.exe
C:\Users\zhangjinhai\documents\visual studio 2012\Projects\gametest2\Debug\C_2_1.ilk
