C:\USERS\ZHANGJINHAI\DOCUMENTS\VISUAL STUDIO 2012\PROJECTS\GAMETEST2\C_5_3\DEBUG\LINKEDLIST.OBJ
C:\USERS\ZHANGJINHAI\DOCUMENTS\VISUAL STUDIO 2012\PROJECTS\GAMETEST2\C_5_3\DEBUG\VC110.PDB
C:\USERS\ZHANGJINHAI\DOCUMENTS\VISUAL STUDIO 2012\PROJECTS\GAMETEST2\DEBUG\C_5_3.ILK
C:\USERS\ZHANGJINHAI\DOCUMENTS\VISUAL STUDIO 2012\PROJECTS\GAMETEST2\DEBUG\C_5_3.EXE
C:\USERS\ZHANGJINHAI\DOCUMENTS\VISUAL STUDIO 2012\PROJECTS\GAMETEST2\DEBUG\C_5_3.PDB
C:\Users\zhangjinhai\Documents\Visual Studio 2012\Projects\gametest2\C_5_3\Debug\LinkedList.obj
C:\Users\zhangjinhai\Documents\Visual Studio 2012\Projects\gametest2\C_5_3\Debug\cl.command.1.tlog
C:\Users\zhangjinhai\Documents\Visual Studio 2012\Projects\gametest2\C_5_3\Debug\CL.read.1.tlog
C:\Users\zhangjinhai\Documents\Visual Studio 2012\Projects\gametest2\C_5_3\Debug\CL.write.1.tlog
C:\Users\zhangjinhai\Documents\Visual Studio 2012\Projects\gametest2\C_5_3\Debug\link-cvtres.read.1.tlog
C:\Users\zhangjinhai\Documents\Visual Studio 2012\Projects\gametest2\C_5_3\Debug\link-cvtres.write.1.tlog
C:\Users\zhangjinhai\Documents\Visual Studio 2012\Projects\gametest2\C_5_3\Debug\link-rc.read.1.tlog
C:\Users\zhangjinhai\Documents\Visual Studio 2012\Projects\gametest2\C_5_3\Debug\link-rc.write.1.tlog
C:\Users\zhangjinhai\Documents\Visual Studio 2012\Projects\gametest2\C_5_3\Debug\link.command.1.tlog
C:\Users\zhangjinhai\Documents\Visual Studio 2012\Projects\gametest2\C_5_3\Debug\link.read.1.tlog
C:\Users\zhangjinhai\Documents\Visual Studio 2012\Projects\gametest2\C_5_3\Debug\link.write.1.tlog
C:\Users\zhangjinhai\Documents\Visual Studio 2012\Projects\gametest2\C_5_3\Debug\vc110.idb
C:\Users\zhangjinhai\Documents\Visual Studio 2012\Projects\gametest2\C_5_3\Debug\vc110.pdb
C:\Users\zhangjinhai\Documents\Visual Studio 2012\Projects\gametest2\Debug\C_5_3.pdb
C:\Users\zhangjinhai\Documents\Visual Studio 2012\Projects\gametest2\Debug\C_5_3.exe
C:\Users\zhangjinhai\Documents\Visual Studio 2012\Projects\gametest2\Debug\C_5_3.ilk
