c:\users\20294\desktop\kelin\c_3\c_3_2\debug\01_枚举类型enum.i
c:\users\20294\desktop\kelin\c_3\c_3_2\debug\11_const.i
c:\users\20294\desktop\kelin\c_3\c_3_2\debug\21_宏.i
c:\users\20294\desktop\kelin\c_3\c_3_2\debug\31_extern与全局变量与局部变量.i
c:\users\20294\desktop\kelin\c_3\c_3_2\debug\41_static静态变量.i
c:\users\20294\desktop\kelin\c_3\c_3_2\debug\51_c程序的内存区域.i
c:\users\20294\desktop\kelin\c_3\c_3_2\debug\var.i
c:\users\20294\desktop\kelin\c_3\c_3_2\debug\vc142.pdb
c:\users\20294\desktop\kelin\c_3\c_3_2\01_枚举类型enum.i
c:\users\20294\desktop\kelin\c_3\c_3_2\11_const.i
c:\users\20294\desktop\kelin\c_3\c_3_2\21_宏.i
c:\users\20294\desktop\kelin\c_3\c_3_2\31_extern与全局变量与局部变量.i
c:\users\20294\desktop\kelin\c_3\c_3_2\41_static静态变量.i
c:\users\20294\desktop\kelin\c_3\c_3_2\51_c程序的内存区域.i
c:\users\20294\desktop\kelin\c_3\c_3_2\var.i
c:\users\20294\desktop\kelin\c_3\c_3_2\debug\c_3_2.tlog\cl.command.1.tlog
c:\users\20294\desktop\kelin\c_3\c_3_2\debug\c_3_2.tlog\cl.write.1.tlog
c:\users\20294\desktop\kelin\c_3\c_3_2\debug\c_3_2.tlog\link.command.1.tlog
c:\users\20294\desktop\kelin\c_3\c_3_2\debug\c_3_2.tlog\link.read.1.tlog
c:\users\20294\desktop\kelin\c_3\c_3_2\debug\c_3_2.tlog\link.write.1.tlog
