C:\USERS\ZHANGJINHAI\DOCUMENTS\VISUAL STUDIO 2012\PROJECTS\GAMETEST2\C_6_1\DEBUG\01_FILE文件基本操作.OBJ
C:\USERS\ZHANGJINHAI\DOCUMENTS\VISUAL STUDIO 2012\PROJECTS\GAMETEST2\C_6_1\DEBUG\02_文本文件_写操作.OBJ
C:\USERS\ZHANGJINHAI\DOCUMENTS\VISUAL STUDIO 2012\PROJECTS\GAMETEST2\C_6_1\DEBUG\03_文本文件_读操作.OBJ
C:\USERS\ZHANGJINHAI\DOCUMENTS\VISUAL STUDIO 2012\PROJECTS\GAMETEST2\C_6_1\DEBUG\04_二进制文件_写操作.OBJ
C:\USERS\ZHANGJINHAI\DOCUMENTS\VISUAL STUDIO 2012\PROJECTS\GAMETEST2\C_6_1\DEBUG\05_二进制文件_读操作.OBJ
C:\USERS\ZHANGJINHAI\DOCUMENTS\VISUAL STUDIO 2012\PROJECTS\GAMETEST2\C_6_1\DEBUG\06_文件复制.OBJ
C:\USERS\ZHANGJINHAI\DOCUMENTS\VISUAL STUDIO 2012\PROJECTS\GAMETEST2\C_6_1\DEBUG\VC110.PDB
C:\USERS\ZHANGJINHAI\DOCUMENTS\VISUAL STUDIO 2012\PROJECTS\GAMETEST2\DEBUG\C_6_1.ILK
C:\USERS\ZHANGJINHAI\DOCUMENTS\VISUAL STUDIO 2012\PROJECTS\GAMETEST2\DEBUG\C_6_1.EXE
C:\USERS\ZHANGJINHAI\DOCUMENTS\VISUAL STUDIO 2012\PROJECTS\GAMETEST2\DEBUG\C_6_1.PDB
C:\Users\zhangjinhai\Documents\Visual Studio 2012\Projects\gametest2\C_6_1\Debug\01_FILE文件基本操作.obj
C:\Users\zhangjinhai\Documents\Visual Studio 2012\Projects\gametest2\C_6_1\Debug\02_文本文件_写操作.obj
C:\Users\zhangjinhai\Documents\Visual Studio 2012\Projects\gametest2\C_6_1\Debug\03_文本文件_读操作.obj
C:\Users\zhangjinhai\Documents\Visual Studio 2012\Projects\gametest2\C_6_1\Debug\04_二进制文件_写操作.obj
C:\Users\zhangjinhai\Documents\Visual Studio 2012\Projects\gametest2\C_6_1\Debug\05_二进制文件_读操作.obj
C:\Users\zhangjinhai\Documents\Visual Studio 2012\Projects\gametest2\C_6_1\Debug\06_文件复制.obj
C:\Users\zhangjinhai\Documents\Visual Studio 2012\Projects\gametest2\C_6_1\Debug\cl.command.1.tlog
C:\Users\zhangjinhai\Documents\Visual Studio 2012\Projects\gametest2\C_6_1\Debug\CL.read.1.tlog
C:\Users\zhangjinhai\Documents\Visual Studio 2012\Projects\gametest2\C_6_1\Debug\CL.write.1.tlog
C:\Users\zhangjinhai\Documents\Visual Studio 2012\Projects\gametest2\C_6_1\Debug\link-cvtres.read.1.tlog
C:\Users\zhangjinhai\Documents\Visual Studio 2012\Projects\gametest2\C_6_1\Debug\link-cvtres.write.1.tlog
C:\Users\zhangjinhai\Documents\Visual Studio 2012\Projects\gametest2\C_6_1\Debug\link-rc.read.1.tlog
C:\Users\zhangjinhai\Documents\Visual Studio 2012\Projects\gametest2\C_6_1\Debug\link-rc.write.1.tlog
C:\Users\zhangjinhai\Documents\Visual Studio 2012\Projects\gametest2\C_6_1\Debug\link.command.1.tlog
C:\Users\zhangjinhai\Documents\Visual Studio 2012\Projects\gametest2\C_6_1\Debug\link.read.1.tlog
C:\Users\zhangjinhai\Documents\Visual Studio 2012\Projects\gametest2\C_6_1\Debug\link.write.1.tlog
C:\Users\zhangjinhai\Documents\Visual Studio 2012\Projects\gametest2\C_6_1\Debug\vc110.idb
C:\Users\zhangjinhai\Documents\Visual Studio 2012\Projects\gametest2\C_6_1\Debug\vc110.pdb
C:\Users\zhangjinhai\Documents\Visual Studio 2012\Projects\gametest2\Debug\C_6_1.pdb
C:\Users\zhangjinhai\Documents\Visual Studio 2012\Projects\gametest2\Debug\C_6_1.exe
C:\Users\zhangjinhai\Documents\Visual Studio 2012\Projects\gametest2\Debug\C_6_1.ilk
