C:\USERS\ZHANGJINHAI\DOCUMENTS\VISUAL STUDIO 2012\PROJECTS\GAMETEST2\C_5_1\DEBUG\01_结构体定义.OBJ
C:\USERS\ZHANGJINHAI\DOCUMENTS\VISUAL STUDIO 2012\PROJECTS\GAMETEST2\C_5_1\DEBUG\VC110.PDB
C:\USERS\ZHANGJINHAI\DOCUMENTS\VISUAL STUDIO 2012\PROJECTS\GAMETEST2\C_5_1\DEBUG\02_用TYPEDEF简化结构体命名.OBJ
C:\USERS\ZHANGJINHAI\DOCUMENTS\VISUAL STUDIO 2012\PROJECTS\GAMETEST2\C_5_1\DEBUG\03_结构体数组.OBJ
C:\USERS\ZHANGJINHAI\DOCUMENTS\VISUAL STUDIO 2012\PROJECTS\GAMETEST2\C_5_1\DEBUG\04_结构体指针.OBJ
C:\USERS\ZHANGJINHAI\DOCUMENTS\VISUAL STUDIO 2012\PROJECTS\GAMETEST2\C_5_1\DEBUG\05_结构体对齐.OBJ
C:\USERS\ZHANGJINHAI\DOCUMENTS\VISUAL STUDIO 2012\PROJECTS\GAMETEST2\C_5_1\DEBUG\06_结构体与堆内存.OBJ
C:\USERS\ZHANGJINHAI\DOCUMENTS\VISUAL STUDIO 2012\PROJECTS\GAMETEST2\C_5_1\DEBUG\07_结构体位域使用.OBJ
C:\USERS\ZHANGJINHAI\DOCUMENTS\VISUAL STUDIO 2012\PROJECTS\GAMETEST2\C_5_1\DEBUG\08_结构体的嵌套.OBJ
C:\USERS\ZHANGJINHAI\DOCUMENTS\VISUAL STUDIO 2012\PROJECTS\GAMETEST2\DEBUG\C_5_1.ILK
C:\USERS\ZHANGJINHAI\DOCUMENTS\VISUAL STUDIO 2012\PROJECTS\GAMETEST2\DEBUG\C_5_1.EXE
C:\USERS\ZHANGJINHAI\DOCUMENTS\VISUAL STUDIO 2012\PROJECTS\GAMETEST2\DEBUG\C_5_1.PDB
C:\Users\zhangjinhai\Documents\Visual Studio 2012\Projects\gametest2\C_5_1\Debug\01_结构体定义.obj
C:\Users\zhangjinhai\Documents\Visual Studio 2012\Projects\gametest2\C_5_1\Debug\02_用typedef简化结构体命名.obj
C:\Users\zhangjinhai\Documents\Visual Studio 2012\Projects\gametest2\C_5_1\Debug\03_结构体数组.obj
C:\Users\zhangjinhai\Documents\Visual Studio 2012\Projects\gametest2\C_5_1\Debug\04_结构体指针.obj
C:\Users\zhangjinhai\Documents\Visual Studio 2012\Projects\gametest2\C_5_1\Debug\05_结构体对齐.obj
C:\Users\zhangjinhai\Documents\Visual Studio 2012\Projects\gametest2\C_5_1\Debug\06_结构体与堆内存.obj
C:\Users\zhangjinhai\Documents\Visual Studio 2012\Projects\gametest2\C_5_1\Debug\07_结构体位域使用.obj
C:\Users\zhangjinhai\Documents\Visual Studio 2012\Projects\gametest2\C_5_1\Debug\08_结构体的嵌套.obj
C:\Users\zhangjinhai\Documents\Visual Studio 2012\Projects\gametest2\C_5_1\Debug\cl.command.1.tlog
C:\Users\zhangjinhai\Documents\Visual Studio 2012\Projects\gametest2\C_5_1\Debug\CL.read.1.tlog
C:\Users\zhangjinhai\Documents\Visual Studio 2012\Projects\gametest2\C_5_1\Debug\CL.write.1.tlog
C:\Users\zhangjinhai\Documents\Visual Studio 2012\Projects\gametest2\C_5_1\Debug\link-cvtres.read.1.tlog
C:\Users\zhangjinhai\Documents\Visual Studio 2012\Projects\gametest2\C_5_1\Debug\link-cvtres.write.1.tlog
C:\Users\zhangjinhai\Documents\Visual Studio 2012\Projects\gametest2\C_5_1\Debug\link-rc.read.1.tlog
C:\Users\zhangjinhai\Documents\Visual Studio 2012\Projects\gametest2\C_5_1\Debug\link-rc.write.1.tlog
C:\Users\zhangjinhai\Documents\Visual Studio 2012\Projects\gametest2\C_5_1\Debug\link.10224-cvtres.read.1.tlog
C:\Users\zhangjinhai\Documents\Visual Studio 2012\Projects\gametest2\C_5_1\Debug\link.10224-cvtres.write.1.tlog
C:\Users\zhangjinhai\Documents\Visual Studio 2012\Projects\gametest2\C_5_1\Debug\link.10224-rc.read.1.tlog
C:\Users\zhangjinhai\Documents\Visual Studio 2012\Projects\gametest2\C_5_1\Debug\link.10224-rc.write.1.tlog
C:\Users\zhangjinhai\Documents\Visual Studio 2012\Projects\gametest2\C_5_1\Debug\link.10224.read.1.tlog
C:\Users\zhangjinhai\Documents\Visual Studio 2012\Projects\gametest2\C_5_1\Debug\link.10224.write.1.tlog
C:\Users\zhangjinhai\Documents\Visual Studio 2012\Projects\gametest2\C_5_1\Debug\link.23832-cvtres.read.1.tlog
C:\Users\zhangjinhai\Documents\Visual Studio 2012\Projects\gametest2\C_5_1\Debug\link.23832-cvtres.write.1.tlog
C:\Users\zhangjinhai\Documents\Visual Studio 2012\Projects\gametest2\C_5_1\Debug\link.23832-rc.read.1.tlog
C:\Users\zhangjinhai\Documents\Visual Studio 2012\Projects\gametest2\C_5_1\Debug\link.23832-rc.write.1.tlog
C:\Users\zhangjinhai\Documents\Visual Studio 2012\Projects\gametest2\C_5_1\Debug\link.23832.read.1.tlog
C:\Users\zhangjinhai\Documents\Visual Studio 2012\Projects\gametest2\C_5_1\Debug\link.23832.write.1.tlog
C:\Users\zhangjinhai\Documents\Visual Studio 2012\Projects\gametest2\C_5_1\Debug\link.26320-cvtres.read.1.tlog
C:\Users\zhangjinhai\Documents\Visual Studio 2012\Projects\gametest2\C_5_1\Debug\link.26320-cvtres.write.1.tlog
C:\Users\zhangjinhai\Documents\Visual Studio 2012\Projects\gametest2\C_5_1\Debug\link.26320-rc.read.1.tlog
C:\Users\zhangjinhai\Documents\Visual Studio 2012\Projects\gametest2\C_5_1\Debug\link.26320-rc.write.1.tlog
C:\Users\zhangjinhai\Documents\Visual Studio 2012\Projects\gametest2\C_5_1\Debug\link.26320.read.1.tlog
C:\Users\zhangjinhai\Documents\Visual Studio 2012\Projects\gametest2\C_5_1\Debug\link.26320.write.1.tlog
C:\Users\zhangjinhai\Documents\Visual Studio 2012\Projects\gametest2\C_5_1\Debug\link.3104-cvtres.read.1.tlog
C:\Users\zhangjinhai\Documents\Visual Studio 2012\Projects\gametest2\C_5_1\Debug\link.3104-cvtres.write.1.tlog
C:\Users\zhangjinhai\Documents\Visual Studio 2012\Projects\gametest2\C_5_1\Debug\link.3104-rc.read.1.tlog
C:\Users\zhangjinhai\Documents\Visual Studio 2012\Projects\gametest2\C_5_1\Debug\link.3104-rc.write.1.tlog
C:\Users\zhangjinhai\Documents\Visual Studio 2012\Projects\gametest2\C_5_1\Debug\link.3104.read.1.tlog
C:\Users\zhangjinhai\Documents\Visual Studio 2012\Projects\gametest2\C_5_1\Debug\link.3104.write.1.tlog
C:\Users\zhangjinhai\Documents\Visual Studio 2012\Projects\gametest2\C_5_1\Debug\link.5504-cvtres.read.1.tlog
C:\Users\zhangjinhai\Documents\Visual Studio 2012\Projects\gametest2\C_5_1\Debug\link.5504-cvtres.write.1.tlog
C:\Users\zhangjinhai\Documents\Visual Studio 2012\Projects\gametest2\C_5_1\Debug\link.5504-rc.read.1.tlog
C:\Users\zhangjinhai\Documents\Visual Studio 2012\Projects\gametest2\C_5_1\Debug\link.5504-rc.write.1.tlog
C:\Users\zhangjinhai\Documents\Visual Studio 2012\Projects\gametest2\C_5_1\Debug\link.5504.read.1.tlog
C:\Users\zhangjinhai\Documents\Visual Studio 2012\Projects\gametest2\C_5_1\Debug\link.5504.write.1.tlog
C:\Users\zhangjinhai\Documents\Visual Studio 2012\Projects\gametest2\C_5_1\Debug\link.command.1.tlog
C:\Users\zhangjinhai\Documents\Visual Studio 2012\Projects\gametest2\C_5_1\Debug\link.read.1.tlog
C:\Users\zhangjinhai\Documents\Visual Studio 2012\Projects\gametest2\C_5_1\Debug\link.write.1.tlog
C:\Users\zhangjinhai\Documents\Visual Studio 2012\Projects\gametest2\C_5_1\Debug\vc110.idb
C:\Users\zhangjinhai\Documents\Visual Studio 2012\Projects\gametest2\C_5_1\Debug\vc110.pdb
C:\Users\zhangjinhai\Documents\Visual Studio 2012\Projects\gametest2\Debug\C_5_1.pdb
C:\Users\zhangjinhai\Documents\Visual Studio 2012\Projects\gametest2\Debug\C_5_1.exe
C:\Users\zhangjinhai\Documents\Visual Studio 2012\Projects\gametest2\Debug\C_5_1.ilk
