C:\USERS\ZHANGJINHAI\DOCUMENTS\VISUAL STUDIO 2012\PROJECTS\GAMETEST2\C_1_2_HOMEWORK\DEBUG\GAMEUI.OBJ
C:\USERS\ZHANGJINHAI\DOCUMENTS\VISUAL STUDIO 2012\PROJECTS\GAMETEST2\C_1_2_HOMEWORK\DEBUG\VC110.PDB
C:\USERS\ZHANGJINHAI\DOCUMENTS\VISUAL STUDIO 2012\PROJECTS\GAMETEST2\DEBUG\C_1_2_HOMEWORK.ILK
C:\USERS\ZHANGJINHAI\DOCUMENTS\VISUAL STUDIO 2012\PROJECTS\GAMETEST2\DEBUG\C_1_2_HOMEWORK.EXE
C:\USERS\ZHANGJINHAI\DOCUMENTS\VISUAL STUDIO 2012\PROJECTS\GAMETEST2\DEBUG\C_1_2_HOMEWORK.PDB
C:\Users\zhangjinhai\documents\visual studio 2012\Projects\gametest2\C_1_2_homework\Debug\GameUI.obj
C:\Users\zhangjinhai\documents\visual studio 2012\Projects\gametest2\C_1_2_homework\Debug\cl.command.1.tlog
C:\Users\zhangjinhai\documents\visual studio 2012\Projects\gametest2\C_1_2_homework\Debug\CL.read.1.tlog
C:\Users\zhangjinhai\documents\visual studio 2012\Projects\gametest2\C_1_2_homework\Debug\CL.write.1.tlog
C:\Users\zhangjinhai\documents\visual studio 2012\Projects\gametest2\C_1_2_homework\Debug\link-cvtres.read.1.tlog
C:\Users\zhangjinhai\documents\visual studio 2012\Projects\gametest2\C_1_2_homework\Debug\link-cvtres.write.1.tlog
C:\Users\zhangjinhai\documents\visual studio 2012\Projects\gametest2\C_1_2_homework\Debug\link-rc.read.1.tlog
C:\Users\zhangjinhai\documents\visual studio 2012\Projects\gametest2\C_1_2_homework\Debug\link-rc.write.1.tlog
C:\Users\zhangjinhai\documents\visual studio 2012\Projects\gametest2\C_1_2_homework\Debug\link.command.1.tlog
C:\Users\zhangjinhai\documents\visual studio 2012\Projects\gametest2\C_1_2_homework\Debug\link.read.1.tlog
C:\Users\zhangjinhai\documents\visual studio 2012\Projects\gametest2\C_1_2_homework\Debug\link.write.1.tlog
C:\Users\zhangjinhai\documents\visual studio 2012\Projects\gametest2\C_1_2_homework\Debug\vc110.idb
C:\Users\zhangjinhai\documents\visual studio 2012\Projects\gametest2\C_1_2_homework\Debug\vc110.pdb
C:\Users\zhangjinhai\documents\visual studio 2012\Projects\gametest2\Debug\C_1_2_homework.pdb
C:\Users\zhangjinhai\documents\visual studio 2012\Projects\gametest2\Debug\C_1_2_homework.exe
C:\Users\zhangjinhai\documents\visual studio 2012\Projects\gametest2\Debug\C_1_2_homework.ilk
